<?xml version="1.0" encoding="UTF-8"?>
<!-- Generated by org.testng.reporters.JUnitReportReporter -->
<testsuite hostname="MLBMYS-20242" name="test.NewTest" tests="1" failures="0" timestamp="8 Sep 2016 08:41:27 GMT" time="4.086" errors="0">
  <testcase name="checkIETest" time="4.086" classname="test.NewTest"/>
</testsuite> <!-- test.NewTest -->
